Using pre-set license
Built from '2020.3/release' branch; Version is '2020.3.1f1 (77a89f25062f) revision 7841951'; Using compiler version '192528614'; Build Type 'Release'
OS: 'Windows 10 Pro; OS build 19043.1348; Version 2009; 64bit' Language: 'en' Physical Memory: 16332 MB
BatchMode: 1, IsHumanControllingUs: 0, StartBugReporterOnCrash: 0, Is64bit: 1, IsPro: 0

 COMMAND LINE ARGUMENTS:
E:\Unity\2020.3.1f1\Editor\Unity.exe
-adb2
-batchMode
-noUpm
-name
AssetImportWorker0
-projectPath
E:/No54
-logFile
Logs/AssetImportWorker0.log
-srvPort
51372
Successfully changed project path to: E:/No54
E:/No54
Using Asset Import Pipeline V2.
Refreshing native plugins compatible for Editor in 91.68 ms, found 1 plugins.
Preloading 0 native plugins for Editor in 0.00 ms.
Initialize engine version: 2020.3.1f1 (77a89f25062f)
[Subsystems] Discovering subsystems at path E:/Unity/2020.3.1f1/Editor/Data/Resources/UnitySubsystems
[Subsystems] Discovering subsystems at path E:/No54/Assets
GfxDevice: creating device client; threaded=0
Direct3D:
    Version:  Direct3D 11.0 [level 11.1]
    Renderer: NVIDIA GeForce GTX 1660 SUPER (ID=0x21c4)
    Vendor:   
    VRAM:     5991 MB
    Driver:   30.0.14.9649
Initialize mono
Mono path[0] = 'E:/Unity/2020.3.1f1/Editor/Data/Managed'
Mono path[1] = 'E:/Unity/2020.3.1f1/Editor/Data/MonoBleedingEdge/lib/mono/unityjit'
Mono config path = 'E:/Unity/2020.3.1f1/Editor/Data/MonoBleedingEdge/etc'
Using monoOptions --debugger-agent=transport=dt_socket,embedding=1,server=y,suspend=n,address=127.0.0.1:56292
Begin MonoManager ReloadAssembly
Registering precompiled unity dll's ...
Register platform support module: E:/Unity/2020.3.1f1/Editor/Data/PlaybackEngines/WebGLSupport/UnityEditor.WebGL.Extensions.dll
Register platform support module: E:/Unity/2020.3.1f1/Editor/Data/PlaybackEngines/WindowsStandaloneSupport/UnityEditor.WindowsStandalone.Extensions.dll
Register platform support module: E:/Unity/2020.3.1f1/Editor/Data/PlaybackEngines/LinuxStandaloneSupport/UnityEditor.LinuxStandalone.Extensions.dll
Registered in 0.002029 seconds.
Native extension for LinuxStandalone target not found
Native extension for WindowsStandalone target not found
Native extension for WebGL target not found
Refreshing native plugins compatible for Editor in 91.49 ms, found 1 plugins.
Preloading 0 native plugins for Editor in 0.00 ms.
Invoked RoslynAnalysisRunner static constructor.
RoslynAnalysisRunner will not be running.
RoslynAnalysisRunner has terminated.
Mono: successfully reloaded assembly
- Completed reload, in  1.693 seconds
Platform modules already initialized, skipping
Registering precompiled user dll's ...
Registered in 0.001567 seconds.
Begin MonoManager ReloadAssembly
Native extension for LinuxStandalone target not found
Native extension for WindowsStandalone target not found
Native extension for WebGL target not found
Refreshing native plugins compatible for Editor in 97.53 ms, found 1 plugins.
Preloading 0 native plugins for Editor in 0.00 ms.
Invoked RoslynAnalysisRunner static constructor.
RoslynAnalysisRunner will not be running.
RoslynAnalysisRunner has terminated.
Mono: successfully reloaded assembly
- Completed reload, in  1.601 seconds
Platform modules already initialized, skipping
========================================================================
Worker process is ready to serve import requests
Launched and connected shader compiler UnityShaderCompiler.exe after 0.04 seconds
Refreshing native plugins compatible for Editor in 0.95 ms, found 1 plugins.
Preloading 0 native plugins for Editor in 0.00 ms.
Unloading 4185 Unused Serialized files (Serialized files now loaded: 0)
System memory in use before: 309.1 MB.
System memory in use after: 306.8 MB.

Unloading 32 unused Assets to reduce memory usage. Loaded Objects now: 4654.
Total: 4.445700 ms (FindLiveObjects: 0.412400 ms CreateObjectMapping: 0.125200 ms MarkObjects: 2.355300 ms  DeleteObjects: 1.552000 ms)

========================================================================
Received Import Request.
  path: Assets/Scenes/GameScene.unity
  artifactKey: Guid(c62456e94019cc34fa687859d87a3fbd) Importer(815301076,1909f56bfc062723c751e8b465ee728b)
Start importing Assets/Scenes/GameScene.unity using Guid(c62456e94019cc34fa687859d87a3fbd) Importer(815301076,1909f56bfc062723c751e8b465ee728b)  -> (artifact id: 'b5edd76542ca7ccb70af5c717389295d') in 0.088662 seconds
  Import took 0.094950 seconds .

========================================================================
Received Import Request.
  Time since last request: 83.344071 seconds.
  path: Assets/Scenes/MainMenu.unity
  artifactKey: Guid(34cbdb8378fac5e458cfa08152c6d212) Importer(815301076,1909f56bfc062723c751e8b465ee728b)
Start importing Assets/Scenes/MainMenu.unity using Guid(34cbdb8378fac5e458cfa08152c6d212) Importer(815301076,1909f56bfc062723c751e8b465ee728b)  -> (artifact id: 'de691d5d1fb1e360b827b117d847f857') in 0.060243 seconds
  Import took 0.066323 seconds .

========================================================================
Received Prepare
Registering precompiled user dll's ...
Registered in 0.002357 seconds.
Begin MonoManager ReloadAssembly
Native extension for LinuxStandalone target not found
Native extension for WindowsStandalone target not found
Native extension for WebGL target not found
Refreshing native plugins compatible for Editor in 1.04 ms, found 1 plugins.
Preloading 0 native plugins for Editor in 0.00 ms.
Invoked RoslynAnalysisRunner static constructor.
RoslynAnalysisRunner will not be running.
RoslynAnalysisRunner has terminated.
Mono: successfully reloaded assembly
- Completed reload, in  1.082 seconds
Platform modules already initialized, skipping
Refreshing native plugins compatible for Editor in 1.19 ms, found 1 plugins.
Preloading 0 native plugins for Editor in 0.00 ms.
Unloading 3903 Unused Serialized files (Serialized files now loaded: 0)
System memory in use before: 296.1 MB.
System memory in use after: 293.7 MB.

Unloading 27 unused Assets to reduce memory usage. Loaded Objects now: 4657.
Total: 4.577400 ms (FindLiveObjects: 0.484800 ms CreateObjectMapping: 0.095500 ms MarkObjects: 2.258300 ms  DeleteObjects: 1.737900 ms)

========================================================================
Received Import Request.
  Time since last request: 1179.818482 seconds.
  path: Assets/Scripts/Player/Death.cs
  artifactKey: Guid(6e881948912cd45488dea28753abd439) Importer(815301076,1909f56bfc062723c751e8b465ee728b)
Start importing Assets/Scripts/Player/Death.cs using Guid(6e881948912cd45488dea28753abd439) Importer(815301076,1909f56bfc062723c751e8b465ee728b)  -> (artifact id: '7737f8305b6b2976be6a4ec56efa2c9a') in 0.034692 seconds
  Import took 0.175705 seconds .

========================================================================
Received Import Request.
  Time since last request: 0.045873 seconds.
  path: Assets/Scripts/Player/Death.cs
  artifactKey: Guid(6e881948912cd45488dea28753abd439) Importer(815301076,1909f56bfc062723c751e8b465ee728b)
Start importing Assets/Scripts/Player/Death.cs using Guid(6e881948912cd45488dea28753abd439) Importer(815301076,1909f56bfc062723c751e8b465ee728b)  -> (artifact id: '7737f8305b6b2976be6a4ec56efa2c9a') in 0.022222 seconds
  Import took 0.082340 seconds .

========================================================================
Received Prepare
Registering precompiled user dll's ...
Registered in 0.002011 seconds.
Begin MonoManager ReloadAssembly
Native extension for LinuxStandalone target not found
Native extension for WindowsStandalone target not found
Native extension for WebGL target not found
Refreshing native plugins compatible for Editor in 0.93 ms, found 1 plugins.
Preloading 0 native plugins for Editor in 0.00 ms.
Invoked RoslynAnalysisRunner static constructor.
RoslynAnalysisRunner will not be running.
RoslynAnalysisRunner has terminated.
Mono: successfully reloaded assembly
- Completed reload, in  1.244 seconds
Platform modules already initialized, skipping
Refreshing native plugins compatible for Editor in 0.93 ms, found 1 plugins.
Preloading 0 native plugins for Editor in 0.00 ms.
Unloading 3903 Unused Serialized files (Serialized files now loaded: 0)
System memory in use before: 296.1 MB.
System memory in use after: 293.8 MB.

Unloading 27 unused Assets to reduce memory usage. Loaded Objects now: 4660.
Total: 4.612400 ms (FindLiveObjects: 0.414600 ms CreateObjectMapping: 0.104500 ms MarkObjects: 2.188900 ms  DeleteObjects: 1.903300 ms)

========================================================================
Received Prepare
Registering precompiled user dll's ...
Registered in 0.328158 seconds.
Begin MonoManager ReloadAssembly
Native extension for LinuxStandalone target not found
Native extension for WindowsStandalone target not found
Native extension for WebGL target not found
Refreshing native plugins compatible for Editor in 0.99 ms, found 1 plugins.
Preloading 0 native plugins for Editor in 0.00 ms.
Invoked RoslynAnalysisRunner static constructor.
RoslynAnalysisRunner will not be running.
RoslynAnalysisRunner has terminated.
Mono: successfully reloaded assembly
- Completed reload, in  1.206 seconds
Platform modules already initialized, skipping
Refreshing native plugins compatible for Editor in 1.06 ms, found 1 plugins.
Preloading 0 native plugins for Editor in 0.00 ms.
Unloading 3903 Unused Serialized files (Serialized files now loaded: 0)
System memory in use before: 296.2 MB.
System memory in use after: 293.9 MB.

Unloading 27 unused Assets to reduce memory usage. Loaded Objects now: 4663.
Total: 4.889300 ms (FindLiveObjects: 0.361700 ms CreateObjectMapping: 0.102400 ms MarkObjects: 2.604300 ms  DeleteObjects: 1.819900 ms)

========================================================================
Received Prepare
Registering precompiled user dll's ...
Registered in 0.002046 seconds.
Begin MonoManager ReloadAssembly
Native extension for LinuxStandalone target not found
Native extension for WindowsStandalone target not found
Native extension for WebGL target not found
Refreshing native plugins compatible for Editor in 0.92 ms, found 1 plugins.
Preloading 0 native plugins for Editor in 0.00 ms.
Invoked RoslynAnalysisRunner static constructor.
RoslynAnalysisRunner will not be running.
RoslynAnalysisRunner has terminated.
Mono: successfully reloaded assembly
- Completed reload, in  1.008 seconds
Platform modules already initialized, skipping
Refreshing native plugins compatible for Editor in 1.14 ms, found 1 plugins.
Preloading 0 native plugins for Editor in 0.00 ms.
Unloading 3903 Unused Serialized files (Serialized files now loaded: 0)
System memory in use before: 296.2 MB.
System memory in use after: 293.9 MB.

Unloading 27 unused Assets to reduce memory usage. Loaded Objects now: 4666.
Total: 4.984400 ms (FindLiveObjects: 0.427500 ms CreateObjectMapping: 0.118800 ms MarkObjects: 2.484700 ms  DeleteObjects: 1.952400 ms)

========================================================================
Received Import Request.
  Time since last request: 671.605214 seconds.
  path: Assets/Scripts/Player/Death.cs
  artifactKey: Guid(6e881948912cd45488dea28753abd439) Importer(815301076,1909f56bfc062723c751e8b465ee728b)
Start importing Assets/Scripts/Player/Death.cs using Guid(6e881948912cd45488dea28753abd439) Importer(815301076,1909f56bfc062723c751e8b465ee728b)  -> (artifact id: 'a6ece4174cd1bb2c13bf4b766416062d') in 2.170022 seconds
  Import took 2.375840 seconds .

========================================================================
Received Import Request.
  Time since last request: 0.000190 seconds.
  path: Assets/Scenes/GameScene.unity
  artifactKey: Guid(c62456e94019cc34fa687859d87a3fbd) Importer(815301076,1909f56bfc062723c751e8b465ee728b)
Start importing Assets/Scenes/GameScene.unity using Guid(c62456e94019cc34fa687859d87a3fbd) Importer(815301076,1909f56bfc062723c751e8b465ee728b)  -> (artifact id: 'ffc56e4f0bccae090bd0d1efbc6371da') in 0.026358 seconds
  Import took 0.084717 seconds .

========================================================================
Received Prepare
Registering precompiled user dll's ...
Registered in 0.002182 seconds.
Begin MonoManager ReloadAssembly
Native extension for LinuxStandalone target not found
Native extension for WindowsStandalone target not found
Native extension for WebGL target not found
Refreshing native plugins compatible for Editor in 0.92 ms, found 1 plugins.
Preloading 0 native plugins for Editor in 0.00 ms.
Invoked RoslynAnalysisRunner static constructor.
RoslynAnalysisRunner will not be running.
RoslynAnalysisRunner has terminated.
Mono: successfully reloaded assembly
- Completed reload, in  1.078 seconds
Platform modules already initialized, skipping
Refreshing native plugins compatible for Editor in 1.67 ms, found 1 plugins.
Preloading 0 native plugins for Editor in 0.00 ms.
Unloading 3903 Unused Serialized files (Serialized files now loaded: 0)
System memory in use before: 296.2 MB.
System memory in use after: 293.9 MB.

Unloading 27 unused Assets to reduce memory usage. Loaded Objects now: 4669.
Total: 6.716700 ms (FindLiveObjects: 0.551000 ms CreateObjectMapping: 0.127200 ms MarkObjects: 3.670700 ms  DeleteObjects: 2.365700 ms)

========================================================================
Received Prepare
Refreshing native plugins compatible for Editor in 2.50 ms, found 1 plugins.
Preloading 0 native plugins for Editor in 0.00 ms.
Unloading 24 Unused Serialized files (Serialized files now loaded: 0)
System memory in use before: 219.6 MB.
System memory in use after: 217.3 MB.

Unloading 24 unused Assets to reduce memory usage. Loaded Objects now: 4669.
Total: 6.552300 ms (FindLiveObjects: 0.416900 ms CreateObjectMapping: 0.106300 ms MarkObjects: 3.716200 ms  DeleteObjects: 2.310900 ms)

AssetImportWorkerClient::OnTransportError - code=2 error=End of file
